# JRE version: OpenJDK Runtime Environment (Zulu 8.70.0.23-CA-macos-aarch64) (8.0_372-b07) (build 1.8.0_372-b07)
# Java VM: OpenJDK 64-Bit Server VM (25.372-b07 mixed mode bsd-aarch64 compressed oops)
Heap:
 PSYoungGen      total 182784K, used 155462K [0x0000000795580000, 0x00000007a4c80000, 0x00000007c0000000)
  eden space 167424K, 83% used [0x0000000795580000,0x000000079deb1e50,0x000000079f900000)
  from space 15360K, 97% used [0x000000079f900000,0x00000007a079fca0,0x00000007a0800000)
  to   space 16896K, 0% used [0x00000007a3c00000,0x00000007a3c00000,0x00000007a4c80000)
 ParOldGen       total 135168K, used 26187K [0x0000000740000000, 0x0000000748400000, 0x0000000795580000)
  object space 135168K, 19% used [0x0000000740000000,0x0000000741992d08,0x0000000748400000)
 Metaspace       used 67083K, capacity 71314K, committed 71456K, reserved 1112064K
  class space    used 9044K, capacity 9731K, committed 9760K, reserved 1048576K
GC Heap History (10 events):
Event: 3.003 GC heap before
{Heap before GC invocations=10 (full 2):
 PSYoungGen      total 112128K, used 102400K [0x0000000795580000, 0x00000007a0580000, 0x00000007c0000000)
  eden space 102400K, 100% used [0x0000000795580000,0x000000079b980000,0x000000079b980000)
  from space 9728K, 0% used [0x000000079b980000,0x000000079b980000,0x000000079c300000)
  to   space 12288K, 0% used [0x000000079f980000,0x000000079f980000,0x00000007a0580000)
 ParOldGen       total 94720K, used 15704K [0x0000000740000000, 0x0000000745c80000, 0x0000000795580000)
  object space 94720K, 16% used [0x0000000740000000,0x0000000740f562a0,0x0000000745c80000)
 Metaspace       used 47081K, capacity 49466K, committed 49792K, reserved 1091584K
  class space    used 6249K, capacity 6676K, committed 6784K, reserved 1048576K
Event: 3.009 GC heap after
Heap after GC invocations=10 (full 2):
 PSYoungGen      total 152576K, used 12284K [0x0000000795580000, 0x00000007a0580000, 0x00000007c0000000)
  eden space 140288K, 0% used [0x0000000795580000,0x0000000795580000,0x000000079de80000)
  from space 12288K, 99% used [0x000000079f980000,0x00000007a057f080,0x00000007a0580000)
  to   space 13824K, 0% used [0x000000079ea80000,0x000000079ea80000,0x000000079f800000)
 ParOldGen       total 94720K, used 16247K [0x0000000740000000, 0x0000000745c80000, 0x0000000795580000)
  object space 94720K, 17% used [0x0000000740000000,0x0000000740fddf30,0x0000000745c80000)
 Metaspace       used 47081K, capacity 49466K, committed 49792K, reserved 1091584K
  class space    used 6249K, capacity 6676K, committed 6784K, reserved 1048576K
}
Event: 6.661 GC heap before
{Heap before GC invocations=11 (full 2):
 PSYoungGen      total 152576K, used 112177K [0x0000000795580000, 0x00000007a0580000, 0x00000007c0000000)
  eden space 140288K, 71% used [0x0000000795580000,0x000000079b70d640,0x000000079de80000)
  from space 12288K, 99% used [0x000000079f980000,0x00000007a057f080,0x00000007a0580000)
  to   space 13824K, 0% used [0x000000079ea80000,0x000000079ea80000,0x000000079f800000)
 ParOldGen       total 94720K, used 16247K [0x0000000740000000, 0x0000000745c80000, 0x0000000795580000)
  object space 94720K, 17% used [0x0000000740000000,0x0000000740fddf30,0x0000000745c80000)
 Metaspace       used 55922K, capacity 58980K, committed 59040K, reserved 1099776K
  class space    used 7566K, capacity 8077K, committed 8096K, reserved 1048576K
Event: 6.667 GC heap after
Heap after GC invocations=11 (full 2):
 PSYoungGen      total 166400K, used 13817K [0x0000000795580000, 0x00000007a1780000, 0x00000007c0000000)
  eden space 152576K, 0% used [0x0000000795580000,0x0000000795580000,0x000000079ea80000)
  from space 13824K, 99% used [0x000000079ea80000,0x000000079f7fe698,0x000000079f800000)
  to   space 15872K, 0% used [0x00000007a0800000,0x00000007a0800000,0x00000007a1780000)
 ParOldGen       total 94720K, used 16664K [0x0000000740000000, 0x0000000745c80000, 0x0000000795580000)
  object space 94720K, 17% used [0x0000000740000000,0x0000000741046240,0x0000000745c80000)
 Metaspace       used 55922K, capacity 58980K, committed 59040K, reserved 1099776K
  class space    used 7566K, capacity 8077K, committed 8096K, reserved 1048576K
}
Event: 6.667 GC heap before
{Heap before GC invocations=12 (full 3):
 PSYoungGen      total 166400K, used 13817K [0x0000000795580000, 0x00000007a1780000, 0x00000007c0000000)
  eden space 152576K, 0% used [0x0000000795580000,0x0000000795580000,0x000000079ea80000)
  from space 13824K, 99% used [0x000000079ea80000,0x000000079f7fe698,0x000000079f800000)
  to   space 15872K, 0% used [0x00000007a0800000,0x00000007a0800000,0x00000007a1780000)
 ParOldGen       total 94720K, used 16664K [0x0000000740000000, 0x0000000745c80000, 0x0000000795580000)
  object space 94720K, 17% used [0x0000000740000000,0x0000000741046240,0x0000000745c80000)
 Metaspace       used 55922K, capacity 58980K, committed 59040K, reserved 1099776K
  class space    used 7566K, capacity 8077K, committed 8096K, reserved 1048576K
Event: 6.724 GC heap after
Heap after GC invocations=12 (full 3):
 PSYoungGen      total 166400K, used 0K [0x0000000795580000, 0x00000007a1780000, 0x00000007c0000000)
  eden space 152576K, 0% used [0x0000000795580000,0x0000000795580000,0x000000079ea80000)
  from space 13824K, 0% used [0x000000079ea80000,0x000000079ea80000,0x000000079f800000)
  to   space 15872K, 0% used [0x00000007a0800000,0x00000007a0800000,0x00000007a1780000)
 ParOldGen       total 135168K, used 26107K [0x0000000740000000, 0x0000000748400000, 0x0000000795580000)
  object space 135168K, 19% used [0x0000000740000000,0x000000074197ecf8,0x0000000748400000)
 Metaspace       used 55922K, capacity 58980K, committed 59040K, reserved 1099776K
  class space    used 7566K, capacity 8077K, committed 8096K, reserved 1048576K
}
Event: 7.365 GC heap before
{Heap before GC invocations=13 (full 3):
 PSYoungGen      total 166400K, used 152576K [0x0000000795580000, 0x00000007a1780000, 0x00000007c0000000)
  eden space 152576K, 100% used [0x0000000795580000,0x000000079ea80000,0x000000079ea80000)
  from space 13824K, 0% used [0x000000079ea80000,0x000000079ea80000,0x000000079f800000)
  to   space 15872K, 0% used [0x00000007a0800000,0x00000007a0800000,0x00000007a1780000)
 ParOldGen       total 135168K, used 26107K [0x0000000740000000, 0x0000000748400000, 0x0000000795580000)
  object space 135168K, 19% used [0x0000000740000000,0x000000074197ecf8,0x0000000748400000)
 Metaspace       used 62349K, capacity 65734K, committed 65824K, reserved 1105920K
  class space    used 8370K, capacity 8936K, committed 8992K, reserved 1048576K
Event: 7.371 GC heap after
Heap after GC invocations=13 (full 3):
 PSYoungGen      total 183296K, used 7300K [0x0000000795580000, 0x00000007a2680000, 0x00000007c0000000)
  eden space 167424K, 0% used [0x0000000795580000,0x0000000795580000,0x000000079f900000)
  from space 15872K, 45% used [0x00000007a0800000,0x00000007a0f21128,0x00000007a1780000)
  to   space 15360K, 0% used [0x000000079f900000,0x000000079f900000,0x00000007a0800000)
 ParOldGen       total 135168K, used 26179K [0x0000000740000000, 0x0000000748400000, 0x0000000795580000)
  object space 135168K, 19% used [0x0000000740000000,0x0000000741990d08,0x0000000748400000)
 Metaspace       used 62349K, capacity 65734K, committed 65824K, reserved 1105920K
  class space    used 8370K, capacity 8936K, committed 8992K, reserved 1048576K
}
Event: 7.742 GC heap before
{Heap before GC invocations=14 (full 3):
 PSYoungGen      total 183296K, used 174724K [0x0000000795580000, 0x00000007a2680000, 0x00000007c0000000)
  eden space 167424K, 100% used [0x0000000795580000,0x000000079f900000,0x000000079f900000)
  from space 15872K, 45% used [0x00000007a0800000,0x00000007a0f21128,0x00000007a1780000)
  to   space 15360K, 0% used [0x000000079f900000,0x000000079f900000,0x00000007a0800000)
 ParOldGen       total 135168K, used 26179K [0x0000000740000000, 0x0000000748400000, 0x0000000795580000)
  object space 135168K, 19% used [0x0000000740000000,0x0000000741990d08,0x0000000748400000)
 Metaspace       used 63746K, capacity 67604K, committed 67872K, reserved 1107968K
  class space    used 8594K, capacity 9233K, committed 9248K, reserved 1048576K
Event: 7.763 GC heap after
Heap after GC invocations=14 (full 3):
 PSYoungGen      total 182784K, used 14975K [0x0000000795580000, 0x00000007a4c80000, 0x00000007c0000000)
  eden space 167424K, 0% used [0x0000000795580000,0x0000000795580000,0x000000079f900000)
  from space 15360K, 97% used [0x000000079f900000,0x00000007a079fca0,0x00000007a0800000)
  to   space 16896K, 0% used [0x00000007a3c00000,0x00000007a3c00000,0x00000007a4c80000)
 ParOldGen       total 135168K, used 26187K [0x0000000740000000, 0x0000000748400000, 0x0000000795580000)
  object space 135168K, 19% used [0x0000000740000000,0x0000000741992d08,0x0000000748400000)
 Metaspace       used 63746K, capacity 67604K, committed 67872K, reserved 1107968K
  class space    used 8594K, capacity 9233K, committed 9248K, reserved 1048576K
}

